TN:
SF:/Users/mauriciopacheco/www/gostack/gobarberapp/src/components/Button/index.tsx
FN:10,(anonymous_0)
FNF:1
FNH:1
FNDA:1,(anonymous_0)
DA:10,1
DA:11,1
LF:2
LH:2
BRF:0
BRH:0
end_of_record
TN:
SF:/Users/mauriciopacheco/www/gostack/gobarberapp/src/components/Input/index.tsx
FN:28,(anonymous_0)
FN:40,(anonymous_1)
FN:44,(anonymous_2)
FN:51,(anonymous_3)
FN:52,(anonymous_4)
FN:57,(anonymous_5)
FN:88,(anonymous_6)
FNF:7
FNH:3
FNDA:2,(anonymous_0)
FNDA:0,(anonymous_1)
FNDA:0,(anonymous_2)
FNDA:1,(anonymous_3)
FNDA:0,(anonymous_4)
FNDA:2,(anonymous_5)
FNDA:0,(anonymous_6)
DA:28,1
DA:32,2
DA:34,2
DA:35,2
DA:37,2
DA:38,2
DA:40,2
DA:41,0
DA:44,2
DA:45,0
DA:47,0
DA:51,2
DA:53,0
DA:57,2
DA:58,2
DA:73,2
DA:89,0
LF:17
LH:12
BRDA:29,0,0,2
BRDA:34,1,0,2
BRDA:78,2,0,0
BRDA:78,2,1,2
BRDA:78,3,0,2
BRDA:78,3,1,2
BRF:6
BRH:5
end_of_record
TN:
SF:/Users/mauriciopacheco/www/gostack/gobarberapp/src/hooks/auth.tsx
FN:38,(anonymous_0)
FN:44,(anonymous_1)
FN:45,loadStoragedData
FN:64,(anonymous_3)
FN:83,(anonymous_4)
FN:91,(anonymous_5)
FN:111,useAuth
FNF:7
FNH:1
FNDA:0,(anonymous_0)
FNDA:0,(anonymous_1)
FNDA:0,loadStoragedData
FNDA:0,(anonymous_3)
FNDA:0,(anonymous_4)
FNDA:0,(anonymous_5)
FNDA:1,useAuth
DA:36,1
DA:38,1
DA:40,0
DA:41,0
DA:44,0
DA:46,0
DA:51,0
DA:52,0
DA:54,0
DA:57,0
DA:60,0
DA:64,0
DA:65,0
DA:70,0
DA:72,0
DA:77,0
DA:79,0
DA:83,0
DA:84,0
DA:86,0
DA:90,0
DA:92,0
DA:94,0
DA:102,0
DA:112,1
DA:114,1
DA:115,0
DA:118,1
LF:28
LH:5
BRDA:51,0,0,0
BRDA:51,0,1,0
BRDA:51,1,0,0
BRDA:51,1,1,0
BRDA:114,2,0,0
BRDA:114,2,1,1
BRF:6
BRH:1
end_of_record
TN:
SF:/Users/mauriciopacheco/www/gostack/gobarberapp/src/pages/AppointmentCreated/index.tsx
FN:19,(anonymous_0)
FN:25,(anonymous_1)
FN:32,(anonymous_2)
FNF:3
FNH:0
FNDA:0,(anonymous_0)
FNDA:0,(anonymous_1)
FNDA:0,(anonymous_2)
DA:19,0
DA:20,0
DA:21,0
DA:23,0
DA:25,0
DA:26,0
DA:32,0
DA:33,0
DA:40,0
LF:9
LH:0
BRF:0
BRH:0
end_of_record
TN:
SF:/Users/mauriciopacheco/www/gostack/gobarberapp/src/pages/CreateAppointment/index.tsx
FN:52,(anonymous_0)
FN:68,(anonymous_1)
FN:69,(anonymous_2)
FN:75,(anonymous_3)
FN:84,(anonymous_4)
FN:89,(anonymous_5)
FN:93,(anonymous_6)
FN:97,(anonymous_7)
FN:98,(anonymous_8)
FN:102,(anonymous_9)
FN:114,(anonymous_10)
FN:118,(anonymous_11)
FN:139,(anonymous_12)
FN:141,(anonymous_13)
FN:142,(anonymous_14)
FN:151,(anonymous_15)
FN:153,(anonymous_16)
FN:154,(anonymous_17)
FN:181,(anonymous_18)
FN:182,(anonymous_19)
FN:184,(anonymous_20)
FN:223,(anonymous_21)
FN:229,(anonymous_22)
FN:244,(anonymous_23)
FN:250,(anonymous_24)
FNF:25
FNH:0
FNDA:0,(anonymous_0)
FNDA:0,(anonymous_1)
FNDA:0,(anonymous_2)
FNDA:0,(anonymous_3)
FNDA:0,(anonymous_4)
FNDA:0,(anonymous_5)
FNDA:0,(anonymous_6)
FNDA:0,(anonymous_7)
FNDA:0,(anonymous_8)
FNDA:0,(anonymous_9)
FNDA:0,(anonymous_10)
FNDA:0,(anonymous_11)
FNDA:0,(anonymous_12)
FNDA:0,(anonymous_13)
FNDA:0,(anonymous_14)
FNDA:0,(anonymous_15)
FNDA:0,(anonymous_16)
FNDA:0,(anonymous_17)
FNDA:0,(anonymous_18)
FNDA:0,(anonymous_19)
FNDA:0,(anonymous_20)
FNDA:0,(anonymous_21)
FNDA:0,(anonymous_22)
FNDA:0,(anonymous_23)
FNDA:0,(anonymous_24)
DA:52,0
DA:53,0
DA:54,0
DA:55,0
DA:56,0
DA:58,0
DA:59,0
DA:62,0
DA:63,0
DA:64,0
DA:65,0
DA:68,0
DA:69,0
DA:70,0
DA:75,0
DA:76,0
DA:85,0
DA:89,0
DA:90,0
DA:93,0
DA:94,0
DA:97,0
DA:98,0
DA:101,0
DA:103,0
DA:104,0
DA:107,0
DA:108,0
DA:114,0
DA:115,0
DA:118,0
DA:119,0
DA:120,0
DA:122,0
DA:123,0
DA:125,0
DA:130,0
DA:132,0
DA:139,0
DA:140,0
DA:141,0
DA:143,0
DA:151,0
DA:152,0
DA:153,0
DA:155,0
DA:163,0
DA:181,0
DA:183,0
DA:184,0
DA:224,0
DA:229,0
DA:245,0
DA:250,0
LF:54
LH:0
BRDA:103,0,0,0
BRDA:103,0,1,0
BRDA:107,1,0,0
BRDA:107,1,1,0
BRDA:205,2,0,0
BRDA:205,2,1,0
BRF:6
BRH:0
end_of_record
TN:
SF:/Users/mauriciopacheco/www/gostack/gobarberapp/src/pages/Dashboard/index.tsx
FN:32,(anonymous_0)
FN:38,(anonymous_1)
FN:39,(anonymous_2)
FN:44,(anonymous_3)
FN:49,(anonymous_4)
FN:71,(anonymous_5)
FN:73,(anonymous_6)
FN:75,(anonymous_7)
FNF:8
FNH:0
FNDA:0,(anonymous_0)
FNDA:0,(anonymous_1)
FNDA:0,(anonymous_2)
FNDA:0,(anonymous_3)
FNDA:0,(anonymous_4)
FNDA:0,(anonymous_5)
FNDA:0,(anonymous_6)
FNDA:0,(anonymous_7)
DA:32,0
DA:33,0
DA:35,0
DA:36,0
DA:38,0
DA:39,0
DA:40,0
DA:44,0
DA:45,0
DA:48,0
DA:50,0
DA:55,0
DA:71,0
DA:74,0
DA:75,0
LF:15
LH:0
BRF:0
BRH:0
end_of_record
TN:
SF:/Users/mauriciopacheco/www/gostack/gobarberapp/src/pages/Profile/index.tsx
FN:40,(anonymous_0)
FN:52,(anonymous_1)
FN:63,(anonymous_2)
FN:69,(anonymous_3)
FN:127,(anonymous_4)
FN:135,(anonymous_5)
FN:153,(anonymous_6)
FN:160,(anonymous_7)
FN:199,(anonymous_8)
FN:212,(anonymous_9)
FN:225,(anonymous_10)
FN:237,(anonymous_11)
FN:249,(anonymous_12)
FN:256,(anonymous_13)
FNF:14
FNH:0
FNDA:0,(anonymous_0)
FNDA:0,(anonymous_1)
FNDA:0,(anonymous_2)
FNDA:0,(anonymous_3)
FNDA:0,(anonymous_4)
FNDA:0,(anonymous_5)
FNDA:0,(anonymous_6)
FNDA:0,(anonymous_7)
FNDA:0,(anonymous_8)
FNDA:0,(anonymous_9)
FNDA:0,(anonymous_10)
FNDA:0,(anonymous_11)
FNDA:0,(anonymous_12)
FNDA:0,(anonymous_13)
DA:40,0
DA:41,0
DA:43,0
DA:44,0
DA:46,0
DA:47,0
DA:48,0
DA:49,0
DA:51,0
DA:53,0
DA:54,0
DA:56,0
DA:63,0
DA:69,0
DA:79,0
DA:90,0
DA:92,0
DA:104,0
DA:106,0
DA:108,0
DA:110,0
DA:112,0
DA:113,0
DA:115,0
DA:117,0
DA:120,0
DA:127,0
DA:128,0
DA:136,0
DA:137,0
DA:140,0
DA:141,0
DA:142,0
DA:145,0
DA:147,0
DA:153,0
DA:154,0
DA:160,0
DA:161,0
DA:164,0
DA:200,0
DA:213,0
DA:226,0
DA:238,0
DA:250,0
DA:257,0
LF:46
LH:0
BRDA:95,0,0,0
BRDA:95,0,1,0
BRDA:112,1,0,0
BRDA:112,1,1,0
BRDA:136,2,0,0
BRDA:136,2,1,0
BRDA:140,3,0,0
BRDA:140,3,1,0
BRDA:168,4,0,0
BRDA:168,4,1,0
BRF:10
BRH:0
end_of_record
TN:
SF:/Users/mauriciopacheco/www/gostack/gobarberapp/src/pages/SignIn/index.tsx
FN:40,(anonymous_0)
FN:48,(anonymous_1)
FN:112,(anonymous_2)
FN:123,(anonymous_3)
FN:130,(anonymous_4)
FN:137,(anonymous_5)
FN:144,(anonymous_6)
FNF:7
FNH:1
FNDA:1,(anonymous_0)
FNDA:0,(anonymous_1)
FNDA:0,(anonymous_2)
FNDA:0,(anonymous_3)
FNDA:0,(anonymous_4)
FNDA:0,(anonymous_5)
FNDA:0,(anonymous_6)
DA:40,1
DA:41,1
DA:42,1
DA:43,1
DA:45,1
DA:47,1
DA:49,0
DA:50,0
DA:52,0
DA:59,0
DA:63,0
DA:68,0
DA:69,0
DA:71,0
DA:73,0
DA:76,0
DA:85,1
DA:113,0
DA:124,0
DA:131,0
DA:144,0
LF:21
LH:7
BRDA:68,0,0,0
BRDA:68,0,1,0
BRDA:89,1,0,1
BRDA:89,1,1,0
BRF:4
BRH:1
end_of_record
TN:
SF:/Users/mauriciopacheco/www/gostack/gobarberapp/src/pages/SignUp/index.tsx
FN:33,(anonymous_0)
FN:41,(anonymous_1)
FN:105,(anonymous_2)
FN:118,(anonymous_3)
FN:130,(anonymous_4)
FN:137,(anonymous_5)
FN:147,(anonymous_6)
FNF:7
FNH:0
FNDA:0,(anonymous_0)
FNDA:0,(anonymous_1)
FNDA:0,(anonymous_2)
FNDA:0,(anonymous_3)
FNDA:0,(anonymous_4)
FNDA:0,(anonymous_5)
FNDA:0,(anonymous_6)
DA:33,0
DA:34,0
DA:35,0
DA:37,0
DA:38,0
DA:40,0
DA:42,0
DA:43,0
DA:45,0
DA:53,0
DA:57,0
DA:59,0
DA:61,0
DA:63,0
DA:64,0
DA:66,0
DA:68,0
DA:71,0
DA:80,0
DA:106,0
DA:119,0
DA:131,0
DA:138,0
DA:147,0
LF:24
LH:0
BRDA:63,0,0,0
BRDA:63,0,1,0
BRDA:84,1,0,0
BRDA:84,1,1,0
BRF:4
BRH:0
end_of_record
